
> docs@0.1.0 build-storybook /Users/tobias/Documents/workspace/tidebound/apps/docs
> storybook build "--output-dir=/var/folders/1q/_gb7whns1tsfwn2r2b0bq8p40000gn/T/chromatic--71062-Os1q2e5wgqqa"

[1m@storybook/core v8.6.14
[22m
info => Cleaning outputDir: [36m../../../../../../../var/folders/1q/_gb7whns1tsfwn2r2b0bq8p40000gn/T/chromatic--71062-Os1q2e5wgqqa[39m
info => Loading presets
info => Building manager..
WARN unable to find package.json for @repo/templates
WARN unable to find package.json for @repo/ui
info => Manager built ([38;2;181;126;229m135 ms[39m)
info => Building preview..
info Using tsconfig paths for react-docgen
[36mvite v6.4.1 [32mbuilding for production...[36m[39m
transforming...
[32m✓[39m 114 modules transformed.
rendering chunks...
computing gzip size...
[2m../../../../../../../var/folders/1q/_gb7whns1tsfwn2r2b0bq8p40000gn/T/chromatic--71062-Os1q2e5wgqqa/[22m[32miframe.html                               [39m[1m[2m 17.76 kB[22m[1m[22m[2m │ gzip:   5.00 kB[22m
[2m../../../../../../../var/folders/1q/_gb7whns1tsfwn2r2b0bq8p40000gn/T/chromatic--71062-Os1q2e5wgqqa/[22m[2massets/[22m[35mButton-tn0RQdqM.css                [39m[1m[2m  0.00 kB[22m[1m[22m[2m │ gzip:   0.02 kB[22m
[2m../../../../../../../var/folders/1q/_gb7whns1tsfwn2r2b0bq8p40000gn/T/chromatic--71062-Os1q2e5wgqqa/[22m[2massets/[22m[36mpreview-DwI0w3cI.js                [39m[1m[2m  0.16 kB[22m[1m[22m[2m │ gzip:   0.16 kB[22m
[2m../../../../../../../var/folders/1q/_gb7whns1tsfwn2r2b0bq8p40000gn/T/chromatic--71062-Os1q2e5wgqqa/[22m[2massets/[22m[36mpreview-CvbIS5ZJ.js                [39m[1m[2m  0.18 kB[22m[1m[22m[2m │ gzip:   0.16 kB[22m
[2m../../../../../../../var/folders/1q/_gb7whns1tsfwn2r2b0bq8p40000gn/T/chromatic--71062-Os1q2e5wgqqa/[22m[2massets/[22m[36mpreview-DIRvjlW-.js                [39m[1m[2m  0.21 kB[22m[1m[22m[2m │ gzip:   0.16 kB[22m
[2m../../../../../../../var/folders/1q/_gb7whns1tsfwn2r2b0bq8p40000gn/T/chromatic--71062-Os1q2e5wgqqa/[22m[2massets/[22m[36mindex-vABTGKhX.js                  [39m[1m[2m  0.42 kB[22m[1m[22m[2m │ gzip:   0.27 kB[22m
[2m../../../../../../../var/folders/1q/_gb7whns1tsfwn2r2b0bq8p40000gn/T/chromatic--71062-Os1q2e5wgqqa/[22m[2massets/[22m[36mpreview-DHQbi4pV.js                [39m[1m[2m  0.61 kB[22m[1m[22m[2m │ gzip:   0.42 kB[22m
[2m../../../../../../../var/folders/1q/_gb7whns1tsfwn2r2b0bq8p40000gn/T/chromatic--71062-Os1q2e5wgqqa/[22m[2massets/[22m[36mchunk-XP5HYGXS-BpfKkqn7.js         [39m[1m[2m  0.71 kB[22m[1m[22m[2m │ gzip:   0.40 kB[22m
[2m../../../../../../../var/folders/1q/_gb7whns1tsfwn2r2b0bq8p40000gn/T/chromatic--71062-Os1q2e5wgqqa/[22m[2massets/[22m[36mpreview-DGUiP6tS.js                [39m[1m[2m  0.71 kB[22m[1m[22m[2m │ gzip:   0.50 kB[22m
[2m../../../../../../../var/folders/1q/_gb7whns1tsfwn2r2b0bq8p40000gn/T/chromatic--71062-Os1q2e5wgqqa/[22m[2massets/[22m[36mjsx-runtime-D_zvdyIk.js            [39m[1m[2m  0.73 kB[22m[1m[22m[2m │ gzip:   0.46 kB[22m
[2m../../../../../../../var/folders/1q/_gb7whns1tsfwn2r2b0bq8p40000gn/T/chromatic--71062-Os1q2e5wgqqa/[22m[2massets/[22m[36mindex-DrFu-skq.js                  [39m[1m[2m  0.77 kB[22m[1m[22m[2m │ gzip:   0.47 kB[22m
[2m../../../../../../../var/folders/1q/_gb7whns1tsfwn2r2b0bq8p40000gn/T/chromatic--71062-Os1q2e5wgqqa/[22m[2massets/[22m[36mpreview-DK5H5hug.js                [39m[1m[2m  0.90 kB[22m[1m[22m[2m │ gzip:   0.57 kB[22m
[2m../../../../../../../var/folders/1q/_gb7whns1tsfwn2r2b0bq8p40000gn/T/chromatic--71062-Os1q2e5wgqqa/[22m[2massets/[22m[36mtest-utils-BheZb06c.js             [39m[1m[2m  1.12 kB[22m[1m[22m[2m │ gzip:   0.69 kB[22m
[2m../../../../../../../var/folders/1q/_gb7whns1tsfwn2r2b0bq8p40000gn/T/chromatic--71062-Os1q2e5wgqqa/[22m[2massets/[22m[36mDocsRenderer-CFRXHY34-NOGy8Ktz.js  [39m[1m[2m  1.31 kB[22m[1m[22m[2m │ gzip:   0.71 kB[22m
[2m../../../../../../../var/folders/1q/_gb7whns1tsfwn2r2b0bq8p40000gn/T/chromatic--71062-Os1q2e5wgqqa/[22m[2massets/[22m[36mIntroduction-B2ENTAI2.js           [39m[1m[2m  1.42 kB[22m[1m[22m[2m │ gzip:   0.64 kB[22m
[2m../../../../../../../var/folders/1q/_gb7whns1tsfwn2r2b0bq8p40000gn/T/chromatic--71062-Os1q2e5wgqqa/[22m[2massets/[22m[36mCode.stories-Ce5skFJf.js           [39m[1m[2m  1.60 kB[22m[1m[22m[2m │ gzip:   0.66 kB[22m
[2m../../../../../../../var/folders/1q/_gb7whns1tsfwn2r2b0bq8p40000gn/T/chromatic--71062-Os1q2e5wgqqa/[22m[2massets/[22m[36mButton.stories-CP0oKg74.js         [39m[1m[2m  1.99 kB[22m[1m[22m[2m │ gzip:   0.79 kB[22m
[2m../../../../../../../var/folders/1q/_gb7whns1tsfwn2r2b0bq8p40000gn/T/chromatic--71062-Os1q2e5wgqqa/[22m[2massets/[22m[36mButton.stories-Bh9RGaZA.js         [39m[1m[2m  2.32 kB[22m[1m[22m[2m │ gzip:   0.88 kB[22m
[2m../../../../../../../var/folders/1q/_gb7whns1tsfwn2r2b0bq8p40000gn/T/chromatic--71062-Os1q2e5wgqqa/[22m[2massets/[22m[36mCard.stories-DgJcCU6T.js           [39m[1m[2m  2.59 kB[22m[1m[22m[2m │ gzip:   0.94 kB[22m
[2m../../../../../../../var/folders/1q/_gb7whns1tsfwn2r2b0bq8p40000gn/T/chromatic--71062-Os1q2e5wgqqa/[22m[2massets/[22m[36mpreview-DD_OYowb.js                [39m[1m[2m  3.51 kB[22m[1m[22m[2m │ gzip:   1.69 kB[22m
[2m../../../../../../../var/folders/1q/_gb7whns1tsfwn2r2b0bq8p40000gn/T/chromatic--71062-Os1q2e5wgqqa/[22m[2massets/[22m[36mindex-BoxsY6nR.js                  [39m[1m[2m  3.89 kB[22m[1m[22m[2m │ gzip:   1.52 kB[22m
[2m../../../../../../../var/folders/1q/_gb7whns1tsfwn2r2b0bq8p40000gn/T/chromatic--71062-Os1q2e5wgqqa/[22m[2massets/[22m[36mpreview-B8lJiyuQ.js                [39m[1m[2m  5.06 kB[22m[1m[22m[2m │ gzip:   1.88 kB[22m
[2m../../../../../../../var/folders/1q/_gb7whns1tsfwn2r2b0bq8p40000gn/T/chromatic--71062-Os1q2e5wgqqa/[22m[2massets/[22m[36mpreview-BWzBA1C2.js                [39m[1m[2m  7.62 kB[22m[1m[22m[2m │ gzip:   1.56 kB[22m
[2m../../../../../../../var/folders/1q/_gb7whns1tsfwn2r2b0bq8p40000gn/T/chromatic--71062-Os1q2e5wgqqa/[22m[2massets/[22m[36mpreview-BBWR9nbA.js                [39m[1m[2m  8.12 kB[22m[1m[22m[2m │ gzip:   3.10 kB[22m
[2m../../../../../../../var/folders/1q/_gb7whns1tsfwn2r2b0bq8p40000gn/T/chromatic--71062-Os1q2e5wgqqa/[22m[2massets/[22m[36mindex-DhY--VwN.js                  [39m[1m[2m  8.37 kB[22m[1m[22m[2m │ gzip:   3.28 kB[22m
[2m../../../../../../../var/folders/1q/_gb7whns1tsfwn2r2b0bq8p40000gn/T/chromatic--71062-Os1q2e5wgqqa/[22m[2massets/[22m[36mColor-YHDXOIA2-CRRNza8x.js         [39m[1m[2m 29.30 kB[22m[1m[22m[2m │ gzip:  11.02 kB[22m
[2m../../../../../../../var/folders/1q/_gb7whns1tsfwn2r2b0bq8p40000gn/T/chromatic--71062-Os1q2e5wgqqa/[22m[2massets/[22m[36mentry-preview-j3qhLtKL.js          [39m[1m[2m 29.76 kB[22m[1m[22m[2m │ gzip:   9.52 kB[22m
[2m../../../../../../../var/folders/1q/_gb7whns1tsfwn2r2b0bq8p40000gn/T/chromatic--71062-Os1q2e5wgqqa/[22m[2massets/[22m[36mindex-DgH-xKnr.js                  [39m[1m[2m 57.15 kB[22m[1m[22m[2m │ gzip:  16.28 kB[22m
[2m../../../../../../../var/folders/1q/_gb7whns1tsfwn2r2b0bq8p40000gn/T/chromatic--71062-Os1q2e5wgqqa/[22m[2massets/[22m[36mreact-18-Cg7ALqPi.js               [39m[1m[2m181.71 kB[22m[1m[22m[2m │ gzip:  57.18 kB[22m
[2m../../../../../../../var/folders/1q/_gb7whns1tsfwn2r2b0bq8p40000gn/T/chromatic--71062-Os1q2e5wgqqa/[22m[2massets/[22m[36miframe-C6Rw2j_s.js                 [39m[1m[2m212.69 kB[22m[1m[22m[2m │ gzip:  71.86 kB[22m
[2m../../../../../../../var/folders/1q/_gb7whns1tsfwn2r2b0bq8p40000gn/T/chromatic--71062-Os1q2e5wgqqa/[22m[2massets/[22m[36mentry-preview-docs-CgPInNO4.js     [39m[1m[2m247.08 kB[22m[1m[22m[2m │ gzip:  73.42 kB[22m
[2m../../../../../../../var/folders/1q/_gb7whns1tsfwn2r2b0bq8p40000gn/T/chromatic--71062-Os1q2e5wgqqa/[22m[2massets/[22m[36mindex-DrdPSA1J.js                  [39m[1m[33m662.17 kB[39m[22m[2m │ gzip: 156.69 kB[22m
[2m../../../../../../../var/folders/1q/_gb7whns1tsfwn2r2b0bq8p40000gn/T/chromatic--71062-Os1q2e5wgqqa/[22m[2massets/[22m[36mindex-B2cYBBYA.js                  [39m[1m[33m892.72 kB[39m[22m[2m │ gzip: 275.50 kB[22m
[32m✓ built in 2.61s[39m
info => Preview built ([38;2;181;126;229m3.61 s[39m)
info => Output directory: /var/folders/1q/_gb7whns1tsfwn2r2b0bq8p40000gn/T/chromatic--71062-Os1q2e5wgqqa
